ALSA lib confmisc.c:855:(parse_card) cannot find card '0'
ALSA lib conf.c:5204:(_snd_config_evaluate) function snd_func_card_inum returned error: No such file or directory
ALSA lib confmisc.c:422:(snd_func_concat) error evaluating strings
ALSA lib conf.c:5204:(_snd_config_evaluate) function snd_func_concat returned error: No such file or directory
ALSA lib confmisc.c:1342:(snd_func_refer) error evaluating name
ALSA lib conf.c:5204:(_snd_config_evaluate) function snd_func_refer returned error: No such file or directory
ALSA lib conf.c:5727:(snd_config_expand) Evaluate error: No such file or directory
ALSA lib pcm.c:2721:(snd_pcm_open_noupdate) Unknown PCM default
pygame 2.6.1 (SDL 2.28.4, Python 3.12.11)
Hello from the pygame community. https://www.pygame.org/contribute.html
Traceback (most recent call last):
  File "/app/main.py", line 167, in <module>
    main()
  File "/app/main.py", line 163, in main
    game = Game()
           ^^^^^^
  File "/app/main.py", line 43, in __init__
    self.bg_music = pygame.mixer.Sound('audio.ogg')
                    ^^^^^^^^^^^^^^^^^^^^^^^^^^^^^^^
pygame.error: mixer not initialized
